2022-04-12 00:12:36.279  INFO 15348 --- [nio-8080-exec-1] LoggerServlet                            : 
{
  "clientIp" : "0:0:0:0:0:0:0:1",
  "threadId" : "http-nio-8080-exec-1",
  "method" : "GET",
  "uri" : "/api/v1/transaction/1231231231",
  "requestTimestamp" : "2022-04-12 00:12:36.243",
  "request" : null,
  "status" : 404,
  "responseTimestamp" : "2022-04-12 00:12:36.268",
  "response" : null
}
2022-04-12 00:12:36.320  INFO 15348 --- [nio-8080-exec-1] LoggerServlet                            : 
{
  "clientIp" : "0:0:0:0:0:0:0:1",
  "threadId" : "http-nio-8080-exec-1",
  "method" : "GET",
  "uri" : "/error",
  "requestTimestamp" : "2022-04-12 00:12:36.287",
  "request" : null,
  "status" : 404,
  "responseTimestamp" : "2022-04-12 00:12:36.32",
  "response" : null
}
2022-04-12 00:12:36.539  INFO 15348 --- [nio-8080-exec-2] LoggerServlet                            : 
{
  "clientIp" : "0:0:0:0:0:0:0:1",
  "threadId" : "http-nio-8080-exec-2",
  "method" : "GET",
  "uri" : "/favicon.ico",
  "requestTimestamp" : "2022-04-12 00:12:36.537",
  "request" : null,
  "status" : 404,
  "responseTimestamp" : "2022-04-12 00:12:36.539",
  "response" : null
}
2022-04-12 00:12:36.612  INFO 15348 --- [nio-8080-exec-2] LoggerServlet                            : 
{
  "clientIp" : "0:0:0:0:0:0:0:1",
  "threadId" : "http-nio-8080-exec-2",
  "method" : "GET",
  "uri" : "/error",
  "requestTimestamp" : "2022-04-12 00:12:36.541",
  "request" : null,
  "status" : 404,
  "responseTimestamp" : "2022-04-12 00:12:36.61",
  "response" : {
    "timestamp" : "2022-04-11T16:12:36.542+00:00",
    "status" : 404,
    "error" : "Not Found",
    "path" : "/favicon.ico"
  }
}
2022-04-12 00:13:03.503  INFO 6500 --- [nio-8080-exec-1] LoggerServlet                            : 
{
  "clientIp" : "0:0:0:0:0:0:0:1",
  "threadId" : "http-nio-8080-exec-1",
  "method" : "GET",
  "uri" : "/api/v1/transaction/1231231231",
  "requestTimestamp" : "2022-04-12 00:13:03.47",
  "request" : null,
  "status" : 404,
  "responseTimestamp" : "2022-04-12 00:13:03.49",
  "response" : null
}
2022-04-12 00:13:03.537  INFO 6500 --- [nio-8080-exec-1] LoggerServlet                            : 
{
  "clientIp" : "0:0:0:0:0:0:0:1",
  "threadId" : "http-nio-8080-exec-1",
  "method" : "GET",
  "uri" : "/error",
  "requestTimestamp" : "2022-04-12 00:13:03.508",
  "request" : null,
  "status" : 404,
  "responseTimestamp" : "2022-04-12 00:13:03.537",
  "response" : null
}
2022-04-12 00:14:07.052  INFO 6500 --- [nio-8080-exec-4] LoggerServlet                            : 
{
  "clientIp" : "0:0:0:0:0:0:0:1",
  "threadId" : "http-nio-8080-exec-4",
  "method" : "GET",
  "uri" : "/api/v1/transaction/history/1231231231",
  "requestTimestamp" : "2022-04-12 00:14:06.844",
  "request" : null,
  "status" : 404,
  "responseTimestamp" : "2022-04-12 00:14:07.051",
  "response" : {
    "responseCode" : "201",
    "responseDescription" : "No record found",
    "requestReference" : "175c49cd-02d5-4613-85fe-9fe49037dcdc",
    "moreRecord" : null,
    "transactionList" : null
  }
}
2022-04-12 00:14:30.578  INFO 6500 --- [nio-8080-exec-5] LoggerServlet                            : 
{
  "clientIp" : "0:0:0:0:0:0:0:1",
  "threadId" : "http-nio-8080-exec-5",
  "method" : "GET",
  "uri" : "/api/v1/transaction/history/1231231231",
  "requestTimestamp" : "2022-04-12 00:14:30.552",
  "request" : null,
  "status" : 404,
  "responseTimestamp" : "2022-04-12 00:14:30.578",
  "response" : {
    "responseCode" : "201",
    "responseDescription" : "No record found",
    "requestReference" : "31fbdd0f-f15a-4f5d-ab91-f34b5f153ed1",
    "moreRecord" : null,
    "transactionList" : null
  }
}
2022-04-12 00:15:16.051  INFO 17616 --- [nio-8080-exec-2] LoggerServlet                            : 
{
  "clientIp" : "0:0:0:0:0:0:0:1",
  "threadId" : "http-nio-8080-exec-2",
  "method" : "GET",
  "uri" : "/api/v1/transaction/1231231231",
  "requestTimestamp" : "2022-04-12 00:15:16.017",
  "request" : null,
  "status" : 404,
  "responseTimestamp" : "2022-04-12 00:15:16.039",
  "response" : null
}
2022-04-12 00:15:16.106  INFO 17616 --- [nio-8080-exec-2] LoggerServlet                            : 
{
  "clientIp" : "0:0:0:0:0:0:0:1",
  "threadId" : "http-nio-8080-exec-2",
  "method" : "GET",
  "uri" : "/error",
  "requestTimestamp" : "2022-04-12 00:15:16.056",
  "request" : null,
  "status" : 404,
  "responseTimestamp" : "2022-04-12 00:15:16.089",
  "response" : "PGh0bWw+PGJvZHk+PGgxPldoaXRlbGFiZWwgRXJyb3IgUGFnZTwvaDE+PHA+VGhpcyBhcHBsaWNhdGlvbiBoYXMgbm8gZXhwbGljaXQgbWFwcGluZyBmb3IgL2Vycm9yLCBzbyB5b3UgYXJlIHNlZWluZyB0aGlzIGFzIGEgZmFsbGJhY2suPC9wPjxkaXYgaWQ9J2NyZWF0ZWQnPlR1ZSBBcHIgMTIgMDA6MTU6MTYgU0dUIDIwMjI8L2Rpdj48ZGl2PlRoZXJlIHdhcyBhbiB1bmV4cGVjdGVkIGVycm9yICh0eXBlPU5vdCBGb3VuZCwgc3RhdHVzPTQwNCkuPC9kaXY+PC9ib2R5PjwvaHRtbD4="
}
2022-04-12 00:18:33.710  INFO 17616 --- [nio-8080-exec-4] LoggerServlet                            : 
{
  "clientIp" : "0:0:0:0:0:0:0:1",
  "threadId" : "http-nio-8080-exec-4",
  "method" : "GET",
  "uri" : "/api/v1/balance/1231231231",
  "requestTimestamp" : "2022-04-12 00:18:33.591",
  "request" : null,
  "status" : 404,
  "responseTimestamp" : "2022-04-12 00:18:33.709",
  "response" : {
    "responseCode" : "101",
    "responseDescription" : "Invalid account no",
    "requestReference" : "8c705e46-c778-4f12-91db-d36dd90d1f4e",
    "accountCurrency" : null,
    "accountBalance" : null
  }
}
2022-04-12 00:24:12.408  INFO 17616 --- [nio-8080-exec-8] LoggerServlet                            : 
{
  "clientIp" : "0:0:0:0:0:0:0:1",
  "threadId" : "http-nio-8080-exec-8",
  "method" : "GET",
  "uri" : "/api/v1/balance/1c74bd7c-f009-4fc3-a6f0-05d4cb463c22",
  "requestTimestamp" : "2022-04-12 00:24:12.363",
  "request" : null,
  "status" : 200,
  "responseTimestamp" : "2022-04-12 00:24:12.407",
  "response" : {
    "responseCode" : "000",
    "responseDescription" : "Complete Response",
    "requestReference" : "709a8625-9159-43b9-9f7a-dee1868f4992",
    "accountCurrency" : "MYR",
    "accountBalance" : "5,000.00"
  }
}
2022-04-12 00:24:20.667  INFO 17616 --- [nio-8080-exec-9] LoggerServlet                            : 
{
  "clientIp" : "0:0:0:0:0:0:0:1",
  "threadId" : "http-nio-8080-exec-9",
  "method" : "GET",
  "uri" : "/api/v1/balance/1c74bd7c-f009-4fc3-a6f0-05d4cb463c22/convert/USD",
  "requestTimestamp" : "2022-04-12 00:24:19.761",
  "request" : null,
  "status" : 200,
  "responseTimestamp" : "2022-04-12 00:24:20.666",
  "response" : {
    "responseCode" : "000",
    "responseDescription" : "Complete Response",
    "requestReference" : "ab87163d-b8a3-4347-b0e6-f2d2e6e06709",
    "accountCurrency" : "MYR",
    "accountBalance" : "5,000.00",
    "targetCurrency" : "USD",
    "targetBalance" : "1,184.41"
  }
}
2022-04-12 00:51:41.500  INFO 20196 --- [nio-8080-exec-1] LoggerServlet                            : 
{
  "clientIp" : "0:0:0:0:0:0:0:1",
  "threadId" : "http-nio-8080-exec-1",
  "method" : "GET",
  "uri" : "/api/v1/balance/1c74bd7c-f009-4fc3-a6f0-05d4cb463c22",
  "requestTimestamp" : "2022-04-12 00:51:41.345",
  "request" : null,
  "status" : 200,
  "responseTimestamp" : "2022-04-12 00:51:41.49",
  "response" : {
    "responseCode" : "000",
    "responseDescription" : "Complete Response",
    "requestReference" : "4e6b0c75-722b-4331-8888-141333bacabd",
    "accountCurrency" : "MYR",
    "accountBalance" : "5,000.00"
  }
}
2022-04-12 00:53:17.909  INFO 20196 --- [nio-8080-exec-4] LoggerServlet                            : 
{
  "clientIp" : "0:0:0:0:0:0:0:1",
  "threadId" : "http-nio-8080-exec-4",
  "method" : "GET",
  "uri" : "/api/v1/balance/1c74bd7c-f009-4fc3-a6f0-05d4cb463c22/convert/JPY",
  "requestTimestamp" : "2022-04-12 00:53:17.363",
  "request" : null,
  "status" : 200,
  "responseTimestamp" : "2022-04-12 00:53:17.908",
  "response" : {
    "responseCode" : "000",
    "responseDescription" : "Complete Response",
    "requestReference" : "90929ea9-66d1-4988-a57b-4842087e8575",
    "accountCurrency" : "MYR",
    "accountBalance" : "5,000.00",
    "targetCurrency" : "JPY",
    "targetBalance" : "148,716"
  }
}
2022-04-12 00:56:20.359  INFO 20196 --- [nio-8080-exec-6] LoggerServlet                            : 
{
  "clientIp" : "0:0:0:0:0:0:0:1",
  "threadId" : "http-nio-8080-exec-6",
  "method" : "POST",
  "uri" : "/api/v1/transaction/credit",
  "requestTimestamp" : "2022-04-12 00:56:20.326",
  "request" : null,
  "status" : 500,
  "responseTimestamp" : "2022-04-12 00:56:20.357",
  "response" : {
    "responseCode" : "500",
    "responseDescription" : "Internal service exception",
    "requestReference" : "9c96c0d3-b82e-4d07-abfb-c3d00cfd4ce5",
    "transactionId" : null,
    "accountBalance" : null,
    "accountCurrency" : null
  }
}
2022-04-12 00:59:03.997  INFO 19060 --- [nio-8080-exec-1] LoggerServlet                            : 
{
  "clientIp" : "0:0:0:0:0:0:0:1",
  "threadId" : "http-nio-8080-exec-1",
  "method" : "POST",
  "uri" : "/api/v1/transaction/credit",
  "requestTimestamp" : "2022-04-12 00:59:03.857",
  "request" : null,
  "status" : 500,
  "responseTimestamp" : "2022-04-12 00:59:03.987",
  "response" : {
    "responseCode" : "500",
    "responseDescription" : "Internal service exception",
    "requestReference" : "ee337459-7bbf-4ddb-bc9e-626f183cfd06",
    "transactionId" : null,
    "accountBalance" : null,
    "accountCurrency" : null
  }
}
2022-04-12 00:59:32.466  INFO 19060 --- [nio-8080-exec-2] LoggerServlet                            : 
{
  "clientIp" : "0:0:0:0:0:0:0:1",
  "threadId" : "http-nio-8080-exec-2",
  "method" : "POST",
  "uri" : "/api/v1/transaction/credit",
  "requestTimestamp" : "2022-04-12 00:59:32.448",
  "request" : null,
  "status" : 500,
  "responseTimestamp" : "2022-04-12 00:59:32.466",
  "response" : {
    "responseCode" : "500",
    "responseDescription" : "Internal service exception",
    "requestReference" : "55cd8304-e847-4f50-b537-55b58925a06b",
    "transactionId" : null,
    "accountBalance" : null,
    "accountCurrency" : null
  }
}
2022-04-12 01:00:38.853  INFO 4864 --- [nio-8080-exec-1] LoggerServlet                            : 
{
  "clientIp" : "0:0:0:0:0:0:0:1",
  "threadId" : "http-nio-8080-exec-1",
  "method" : "POST",
  "uri" : "/api/v1/transaction/credit",
  "requestTimestamp" : "2022-04-12 01:00:38.126",
  "request" : {
    "accountNo" : "1c74bd7c-f009-4fc3-a6f0-05d4cb463c22",
    "amount" : "50.00",
    "currencyCode" : "MYR",
    "description" : "FAMILY MART PURCHASE RM 50.00"
  },
  "status" : 200,
  "responseTimestamp" : "2022-04-12 01:00:38.845",
  "response" : {
    "responseCode" : null,
    "responseDescription" : null,
    "requestReference" : "ba210e2d-5f81-4ae3-aeec-35dd1f6d5c3a",
    "transactionId" : null,
    "accountBalance" : null,
    "accountCurrency" : null
  }
}
2022-04-12 01:01:03.063  INFO 4864 --- [nio-8080-exec-2] LoggerServlet                            : 
{
  "clientIp" : "0:0:0:0:0:0:0:1",
  "threadId" : "http-nio-8080-exec-2",
  "method" : "POST",
  "uri" : "/api/v1/transaction/credit",
  "requestTimestamp" : "2022-04-12 01:01:03.034",
  "request" : {
    "accountNo" : "1c74bd7c-f009-4fc3-a6f0-05d4cb463c22",
    "amount" : "50.00",
    "currencyCode" : "MYR",
    "description" : "FAMILY MART PURCHASE RM 50.00"
  },
  "status" : 200,
  "responseTimestamp" : "2022-04-12 01:01:03.062",
  "response" : {
    "responseCode" : null,
    "responseDescription" : null,
    "requestReference" : "6ab309d1-5a4a-46e7-8768-bbedea5c624c",
    "transactionId" : null,
    "accountBalance" : null,
    "accountCurrency" : null
  }
}
2022-04-12 01:01:10.476  INFO 4864 --- [nio-8080-exec-3] LoggerServlet                            : 
{
  "clientIp" : "0:0:0:0:0:0:0:1",
  "threadId" : "http-nio-8080-exec-3",
  "method" : "POST",
  "uri" : "/api/v1/transaction/credit",
  "requestTimestamp" : "2022-04-12 01:01:10.437",
  "request" : {
    "accountNo" : "1c74bd7c-f009-4fc3-a6f0-05d4cb463c22",
    "amount" : "10000.00",
    "currencyCode" : "MYR",
    "description" : "FAMILY MART PURCHASE RM 50.00"
  },
  "status" : 200,
  "responseTimestamp" : "2022-04-12 01:01:10.475",
  "response" : {
    "responseCode" : null,
    "responseDescription" : null,
    "requestReference" : "6a368c78-b919-4bcc-90a8-f3e63606eb15",
    "transactionId" : null,
    "accountBalance" : null,
    "accountCurrency" : null
  }
}
2022-04-12 01:01:12.798  INFO 4864 --- [nio-8080-exec-4] LoggerServlet                            : 
{
  "clientIp" : "0:0:0:0:0:0:0:1",
  "threadId" : "http-nio-8080-exec-4",
  "method" : "POST",
  "uri" : "/api/v1/transaction/credit",
  "requestTimestamp" : "2022-04-12 01:01:12.773",
  "request" : {
    "accountNo" : "1c74bd7c-f009-4fc3-a6f0-05d4cb463c22",
    "amount" : "10000.00",
    "currencyCode" : "MYR",
    "description" : "FAMILY MART PURCHASE RM 50.00"
  },
  "status" : 200,
  "responseTimestamp" : "2022-04-12 01:01:12.798",
  "response" : {
    "responseCode" : null,
    "responseDescription" : null,
    "requestReference" : "bc3ee42b-2908-487d-92fb-f0d3d54307a0",
    "transactionId" : null,
    "accountBalance" : null,
    "accountCurrency" : null
  }
}
2022-04-12 01:01:14.609  INFO 4864 --- [nio-8080-exec-5] LoggerServlet                            : 
{
  "clientIp" : "0:0:0:0:0:0:0:1",
  "threadId" : "http-nio-8080-exec-5",
  "method" : "POST",
  "uri" : "/api/v1/transaction/credit",
  "requestTimestamp" : "2022-04-12 01:01:14.595",
  "request" : {
    "accountNo" : "1c74bd7c-f009-4fc3-a6f0-05d4cb463c22",
    "amount" : "10000.00",
    "currencyCode" : "MYR",
    "description" : "FAMILY MART PURCHASE RM 50.00"
  },
  "status" : 200,
  "responseTimestamp" : "2022-04-12 01:01:14.608",
  "response" : {
    "responseCode" : null,
    "responseDescription" : null,
    "requestReference" : "571e22d7-3bfe-41a1-8551-28286a9b6ff1",
    "transactionId" : null,
    "accountBalance" : null,
    "accountCurrency" : null
  }
}
2022-04-12 01:01:15.541  INFO 4864 --- [nio-8080-exec-6] LoggerServlet                            : 
{
  "clientIp" : "0:0:0:0:0:0:0:1",
  "threadId" : "http-nio-8080-exec-6",
  "method" : "POST",
  "uri" : "/api/v1/transaction/credit",
  "requestTimestamp" : "2022-04-12 01:01:15.516",
  "request" : {
    "accountNo" : "1c74bd7c-f009-4fc3-a6f0-05d4cb463c22",
    "amount" : "10000.00",
    "currencyCode" : "MYR",
    "description" : "FAMILY MART PURCHASE RM 50.00"
  },
  "status" : 200,
  "responseTimestamp" : "2022-04-12 01:01:15.54",
  "response" : {
    "responseCode" : null,
    "responseDescription" : null,
    "requestReference" : "3d18edc0-485e-4ae7-be42-6873fb7a2caa",
    "transactionId" : null,
    "accountBalance" : null,
    "accountCurrency" : null
  }
}
2022-04-12 01:01:16.040  INFO 4864 --- [nio-8080-exec-7] LoggerServlet                            : 
{
  "clientIp" : "0:0:0:0:0:0:0:1",
  "threadId" : "http-nio-8080-exec-7",
  "method" : "POST",
  "uri" : "/api/v1/transaction/credit",
  "requestTimestamp" : "2022-04-12 01:01:16.025",
  "request" : {
    "accountNo" : "1c74bd7c-f009-4fc3-a6f0-05d4cb463c22",
    "amount" : "10000.00",
    "currencyCode" : "MYR",
    "description" : "FAMILY MART PURCHASE RM 50.00"
  },
  "status" : 200,
  "responseTimestamp" : "2022-04-12 01:01:16.039",
  "response" : {
    "responseCode" : null,
    "responseDescription" : null,
    "requestReference" : "2e4087e0-4f3a-4f03-9a7e-f3dc3c779ad5",
    "transactionId" : null,
    "accountBalance" : null,
    "accountCurrency" : null
  }
}
2022-04-12 01:01:16.600  INFO 4864 --- [nio-8080-exec-9] LoggerServlet                            : 
{
  "clientIp" : "0:0:0:0:0:0:0:1",
  "threadId" : "http-nio-8080-exec-9",
  "method" : "POST",
  "uri" : "/api/v1/transaction/credit",
  "requestTimestamp" : "2022-04-12 01:01:16.586",
  "request" : {
    "accountNo" : "1c74bd7c-f009-4fc3-a6f0-05d4cb463c22",
    "amount" : "10000.00",
    "currencyCode" : "MYR",
    "description" : "FAMILY MART PURCHASE RM 50.00"
  },
  "status" : 200,
  "responseTimestamp" : "2022-04-12 01:01:16.6",
  "response" : {
    "responseCode" : null,
    "responseDescription" : null,
    "requestReference" : "ce21931f-cb6c-4803-a4a6-544bc3844aca",
    "transactionId" : null,
    "accountBalance" : null,
    "accountCurrency" : null
  }
}
2022-04-12 01:01:17.127  INFO 4864 --- [io-8080-exec-10] LoggerServlet                            : 
{
  "clientIp" : "0:0:0:0:0:0:0:1",
  "threadId" : "http-nio-8080-exec-10",
  "method" : "POST",
  "uri" : "/api/v1/transaction/credit",
  "requestTimestamp" : "2022-04-12 01:01:17.105",
  "request" : {
    "accountNo" : "1c74bd7c-f009-4fc3-a6f0-05d4cb463c22",
    "amount" : "10000.00",
    "currencyCode" : "MYR",
    "description" : "FAMILY MART PURCHASE RM 50.00"
  },
  "status" : 500,
  "responseTimestamp" : "2022-04-12 01:01:17.127",
  "response" : {
    "responseCode" : "500",
    "responseDescription" : "Internal service exception",
    "requestReference" : "89ac887f-a994-4270-a054-7224e3f42d15",
    "transactionId" : null,
    "accountBalance" : null,
    "accountCurrency" : null
  }
}
2022-04-12 01:02:09.734  INFO 4864 --- [nio-8080-exec-8] LoggerServlet                            : 
{
  "clientIp" : "0:0:0:0:0:0:0:1",
  "threadId" : "http-nio-8080-exec-8",
  "method" : "GET",
  "uri" : "/api/v1/balance/1c74bd7c-f009-4fc3-a6f0-05d4cb463c22",
  "requestTimestamp" : "2022-04-12 01:02:09.701",
  "request" : null,
  "status" : 200,
  "responseTimestamp" : "2022-04-12 01:02:09.733",
  "response" : {
    "responseCode" : "000",
    "responseDescription" : "Complete Response",
    "requestReference" : "82e14f12-e3e3-4e91-9830-a3f02a41ab54",
    "accountCurrency" : "MYR",
    "accountBalance" : "1,280,000.00"
  }
}
2022-04-12 01:02:48.508  INFO 4864 --- [nio-8080-exec-1] LoggerServlet                            : 
{
  "clientIp" : "0:0:0:0:0:0:0:1",
  "threadId" : "http-nio-8080-exec-1",
  "method" : "GET",
  "uri" : "/api/v1/balance/1c74bd7c-f009-4fc3-a6f0-05d4cb463c22/convert/JPY",
  "requestTimestamp" : "2022-04-12 01:02:47.912",
  "request" : null,
  "status" : 200,
  "responseTimestamp" : "2022-04-12 01:02:48.507",
  "response" : {
    "responseCode" : "000",
    "responseDescription" : "Complete Response",
    "requestReference" : "bc472808-3f1a-4a8d-a4d1-c9eee0027fc1",
    "accountCurrency" : "MYR",
    "accountBalance" : "1,280,000.00",
    "targetCurrency" : "JPY",
    "targetBalance" : "38,068,919"
  }
}
2022-04-12 01:03:57.856  INFO 4864 --- [nio-8080-exec-3] LoggerServlet                            : 
{
  "clientIp" : "0:0:0:0:0:0:0:1",
  "threadId" : "http-nio-8080-exec-3",
  "method" : "POST",
  "uri" : "/api/v1/transaction/debit",
  "requestTimestamp" : "2022-04-12 01:03:57.794",
  "request" : {
    "accountNo" : "1c74bd7c-f009-4fc3-a6f0-05d4cb463c22",
    "amount" : "5000.00",
    "currencyCode" : "MYR",
    "description" : "FAMILY MART PURCHASE RM 50.00"
  },
  "status" : 500,
  "responseTimestamp" : "2022-04-12 01:03:57.856",
  "response" : {
    "responseCode" : "500",
    "responseDescription" : "Internal service exception",
    "requestReference" : "8f3978c2-3022-4e8d-a260-b2744d8c0b5a",
    "transactionId" : null,
    "accountBalance" : null,
    "accountCurrency" : null
  }
}
2022-04-12 01:05:55.528  INFO 20352 --- [nio-8080-exec-1] LoggerServlet                            : 
{
  "clientIp" : "0:0:0:0:0:0:0:1",
  "threadId" : "http-nio-8080-exec-1",
  "method" : "POST",
  "uri" : "/api/v1/transaction/debit",
  "requestTimestamp" : "2022-04-12 01:05:55.344",
  "request" : {
    "accountNo" : "1c74bd7c-f009-4fc3-a6f0-05d4cb463c22",
    "amount" : "5000.00",
    "currencyCode" : "MYR",
    "description" : "FAMILY MART PURCHASE RM 50.00"
  },
  "status" : 500,
  "responseTimestamp" : "2022-04-12 01:05:55.52",
  "response" : {
    "responseCode" : "500",
    "responseDescription" : "Internal service exception",
    "requestReference" : "d54c6535-7f02-4855-a456-a502715c39be",
    "transactionId" : null,
    "accountBalance" : null,
    "accountCurrency" : null
  }
}
2022-04-12 01:06:59.125  INFO 11180 --- [nio-8080-exec-2] LoggerServlet                            : 
{
  "clientIp" : "0:0:0:0:0:0:0:1",
  "threadId" : "http-nio-8080-exec-2",
  "method" : "POST",
  "uri" : "/api/v1/transaction/debit",
  "requestTimestamp" : "2022-04-12 01:06:58.926",
  "request" : {
    "accountNo" : "1c74bd7c-f009-4fc3-a6f0-05d4cb463c22",
    "amount" : "5000.00",
    "currencyCode" : "MYR",
    "description" : "FAMILY MART PURCHASE RM 50.00"
  },
  "status" : 500,
  "responseTimestamp" : "2022-04-12 01:06:59.117",
  "response" : {
    "responseCode" : "500",
    "responseDescription" : "Internal service exception",
    "requestReference" : "eb418acf-80c5-4335-a948-0cdb3cb66c2f",
    "transactionId" : null,
    "accountBalance" : null,
    "accountCurrency" : null
  }
}
2022-04-12 01:08:13.904  INFO 2908 --- [nio-8080-exec-1] LoggerServlet                            : 
{
  "clientIp" : "0:0:0:0:0:0:0:1",
  "threadId" : "http-nio-8080-exec-1",
  "method" : "POST",
  "uri" : "/api/v1/transaction/debit",
  "requestTimestamp" : "2022-04-12 01:08:13.722",
  "request" : {
    "accountNo" : "1c74bd7c-f009-4fc3-a6f0-05d4cb463c22",
    "amount" : "5000.00",
    "currencyCode" : "MYR",
    "description" : "FAMILY MART PURCHASE RM 50.00"
  },
  "status" : 404,
  "responseTimestamp" : "2022-04-12 01:08:13.894",
  "response" : {
    "responseCode" : "101",
    "responseDescription" : "Invalid account no",
    "requestReference" : "dc859422-327a-4cbc-8f61-b944f6cf4f6e",
    "transactionId" : null,
    "accountBalance" : null,
    "accountCurrency" : null
  }
}
2022-04-12 01:09:00.356  INFO 20124 --- [nio-8080-exec-1] LoggerServlet                            : 
{
  "clientIp" : "0:0:0:0:0:0:0:1",
  "threadId" : "http-nio-8080-exec-1",
  "method" : "POST",
  "uri" : "/api/v1/transaction/debit",
  "requestTimestamp" : "2022-04-12 01:09:00.167",
  "request" : {
    "accountNo" : "1c74bd7c-f009-4fc3-a6f0-05d4cb463c22",
    "amount" : "5000.00",
    "currencyCode" : "MYR",
    "description" : "FAMILY MART PURCHASE RM 50.00"
  },
  "status" : 404,
  "responseTimestamp" : "2022-04-12 01:09:00.348",
  "response" : {
    "responseCode" : "101",
    "responseDescription" : "Invalid account no",
    "requestReference" : "91cf4f81-cfef-4595-92ca-132d96b5a70e",
    "transactionId" : null,
    "accountBalance" : null,
    "accountCurrency" : null
  }
}
2022-04-12 01:10:04.112  INFO 20124 --- [nio-8080-exec-3] LoggerServlet                            : 
{
  "clientIp" : "0:0:0:0:0:0:0:1",
  "threadId" : "http-nio-8080-exec-3",
  "method" : "POST",
  "uri" : "/api/v1/transaction/debit",
  "requestTimestamp" : "2022-04-12 01:10:04.083",
  "request" : {
    "accountNo" : "1c74bd7c-f009-4fc3-a6f0-05d4cb463c22",
    "amount" : "5000.00",
    "currencyCode" : "MYR",
    "description" : "FAMILY MART PURCHASE RM 50.00"
  },
  "status" : 404,
  "responseTimestamp" : "2022-04-12 01:10:04.111",
  "response" : {
    "responseCode" : "101",
    "responseDescription" : "Invalid account no",
    "requestReference" : "4f623a75-33a2-4190-93b1-9f9dcc9eb44a",
    "transactionId" : null,
    "accountBalance" : null,
    "accountCurrency" : null
  }
}
2022-04-12 01:10:22.983  INFO 20124 --- [nio-8080-exec-4] LoggerServlet                            : 
{
  "clientIp" : "0:0:0:0:0:0:0:1",
  "threadId" : "http-nio-8080-exec-4",
  "method" : "POST",
  "uri" : "/api/v1/transaction/debit",
  "requestTimestamp" : "2022-04-12 01:10:22.388",
  "request" : {
    "accountNo" : "00b9f99c-00f6-4339-a925-e1d9d5b3efb2",
    "amount" : "5000.00",
    "currencyCode" : "MYR",
    "description" : "FAMILY MART PURCHASE RM 50.00"
  },
  "status" : 200,
  "responseTimestamp" : "2022-04-12 01:10:22.983",
  "response" : {
    "responseCode" : "000",
    "responseDescription" : "Complete Response",
    "requestReference" : "d8ba5464-5b6f-4fe7-908e-b3344a535718",
    "transactionId" : null,
    "accountBalance" : null,
    "accountCurrency" : null
  }
}
2022-04-12 01:12:50.013  INFO 20124 --- [nio-8080-exec-6] LoggerServlet                            : 
{
  "clientIp" : "0:0:0:0:0:0:0:1",
  "threadId" : "http-nio-8080-exec-6",
  "method" : "GET",
  "uri" : "/api/v1/transaction/history/00b9f99c-00f6-4339-a925-e1d9d5b3efb2",
  "requestTimestamp" : "2022-04-12 01:12:49.86",
  "request" : null,
  "status" : 200,
  "responseTimestamp" : "2022-04-12 01:12:50.01",
  "response" : {
    "responseCode" : "000",
    "responseDescription" : "Complete Response",
    "requestReference" : "1f48a5e7-d78c-4f31-9888-14b7e114fa16",
    "moreRecord" : false,
    "transactionList" : [ {
      "transactionId" : "ebab4164-fdaf-4b07-82d2-d54c201b5c08",
      "accountNo" : "00b9f99c-00f6-4339-a925-e1d9d5b3efb2",
      "amount" : -5000.0,
      "currencyCode" : "MYR",
      "baseAmount" : 123330.0,
      "baseCurrency" : "MYR",
      "timestamp" : "2022-04-11T17:10:22.935+00:00",
      "description" : "FAMILY MART PURCHASE RM 50.00"
    } ]
  }
}
2022-04-12 01:13:24.431  INFO 20124 --- [nio-8080-exec-7] LoggerServlet                            : 
{
  "clientIp" : "0:0:0:0:0:0:0:1",
  "threadId" : "http-nio-8080-exec-7",
  "method" : "GET",
  "uri" : "/api/v1/transaction/history/00b9f99c-00f6-4339-a925-e1d9d5b3efb2",
  "requestTimestamp" : "2022-04-12 01:13:24.404",
  "request" : null,
  "status" : 404,
  "responseTimestamp" : "2022-04-12 01:13:24.43",
  "response" : {
    "responseCode" : "201",
    "responseDescription" : "No record found",
    "requestReference" : "115198d6-64a2-4d48-b277-721a27644b03",
    "moreRecord" : null,
    "transactionList" : null
  }
}
2022-04-12 01:13:28.706  INFO 20124 --- [nio-8080-exec-8] LoggerServlet                            : 
{
  "clientIp" : "0:0:0:0:0:0:0:1",
  "threadId" : "http-nio-8080-exec-8",
  "method" : "GET",
  "uri" : "/api/v1/transaction/history/00b9f99c-00f6-4339-a925-e1d9d5b3efb2",
  "requestTimestamp" : "2022-04-12 01:13:28.692",
  "request" : null,
  "status" : 200,
  "responseTimestamp" : "2022-04-12 01:13:28.705",
  "response" : {
    "responseCode" : "000",
    "responseDescription" : "Complete Response",
    "requestReference" : "a28f8ba0-9454-4e72-a4ab-3756d227f696",
    "moreRecord" : false,
    "transactionList" : [ {
      "transactionId" : "ebab4164-fdaf-4b07-82d2-d54c201b5c08",
      "accountNo" : "00b9f99c-00f6-4339-a925-e1d9d5b3efb2",
      "amount" : -5000.0,
      "currencyCode" : "MYR",
      "baseAmount" : 123330.0,
      "baseCurrency" : "MYR",
      "timestamp" : "2022-04-11T17:10:22.935+00:00",
      "description" : "FAMILY MART PURCHASE RM 50.00"
    } ]
  }
}
2022-04-12 01:14:08.904  INFO 20124 --- [nio-8080-exec-9] LoggerServlet                            : 
{
  "clientIp" : "0:0:0:0:0:0:0:1",
  "threadId" : "http-nio-8080-exec-9",
  "method" : "POST",
  "uri" : "/api/v1/transaction/credit",
  "requestTimestamp" : "2022-04-12 01:14:08.882",
  "request" : {
    "accountNo" : "1c74bd7c-f009-4fc3-a6f0-05d4cb463c22",
    "amount" : "500.00",
    "currencyCode" : "MYR",
    "description" : "ATM CDM RM 500.00"
  },
  "status" : 404,
  "responseTimestamp" : "2022-04-12 01:14:08.904",
  "response" : {
    "responseCode" : "101",
    "responseDescription" : "Invalid account no",
    "requestReference" : "01dc0f13-05c3-4401-8005-bbf3e85e0a30",
    "transactionId" : null,
    "accountBalance" : null,
    "accountCurrency" : null
  }
}
2022-04-12 01:14:19.312  INFO 20124 --- [io-8080-exec-10] LoggerServlet                            : 
{
  "clientIp" : "0:0:0:0:0:0:0:1",
  "threadId" : "http-nio-8080-exec-10",
  "method" : "POST",
  "uri" : "/api/v1/transaction/credit",
  "requestTimestamp" : "2022-04-12 01:14:19.281",
  "request" : {
    "accountNo" : "00b9f99c-00f6-4339-a925-e1d9d5b3efb2",
    "amount" : "500.00",
    "currencyCode" : "MYR",
    "description" : "ATM CDM RM 500.00"
  },
  "status" : 200,
  "responseTimestamp" : "2022-04-12 01:14:19.311",
  "response" : {
    "responseCode" : "000",
    "responseDescription" : "Complete Response",
    "requestReference" : "246142e3-a3d4-4203-9f80-b564054a55a3",
    "transactionId" : null,
    "accountBalance" : null,
    "accountCurrency" : null
  }
}
2022-04-12 01:14:26.295  INFO 20124 --- [nio-8080-exec-1] LoggerServlet                            : 
{
  "clientIp" : "0:0:0:0:0:0:0:1",
  "threadId" : "http-nio-8080-exec-1",
  "method" : "GET",
  "uri" : "/api/v1/transaction/history/00b9f99c-00f6-4339-a925-e1d9d5b3efb2",
  "requestTimestamp" : "2022-04-12 01:14:26.282",
  "request" : null,
  "status" : 200,
  "responseTimestamp" : "2022-04-12 01:14:26.294",
  "response" : {
    "responseCode" : "000",
    "responseDescription" : "Complete Response",
    "requestReference" : "0518fa13-7d7c-4cbb-ae3a-02ed61e64542",
    "moreRecord" : false,
    "transactionList" : [ {
      "transactionId" : "aefa10db-58c1-4698-bddd-aa6d11cd6ad7",
      "accountNo" : "00b9f99c-00f6-4339-a925-e1d9d5b3efb2",
      "amount" : 500.0,
      "currencyCode" : "MYR",
      "baseAmount" : 246660.0,
      "baseCurrency" : "MYR",
      "timestamp" : "2022-04-11T17:14:19.292+00:00",
      "description" : "ATM CDM RM 500.00"
    }, {
      "transactionId" : "ebab4164-fdaf-4b07-82d2-d54c201b5c08",
      "accountNo" : "00b9f99c-00f6-4339-a925-e1d9d5b3efb2",
      "amount" : -5000.0,
      "currencyCode" : "MYR",
      "baseAmount" : 123330.0,
      "baseCurrency" : "MYR",
      "timestamp" : "2022-04-11T17:10:22.935+00:00",
      "description" : "FAMILY MART PURCHASE RM 50.00"
    } ]
  }
}
2022-04-12 01:22:04.869  INFO 20088 --- [nio-8080-exec-1] LoggerServlet                            : 
{
  "clientIp" : "0:0:0:0:0:0:0:1",
  "threadId" : "http-nio-8080-exec-1",
  "method" : "POST",
  "uri" : "/api/v1/transaction/credit",
  "requestTimestamp" : "2022-04-12 01:22:03.896",
  "request" : {
    "accountNo" : "3db65ba7-2c87-4728-a55d-773bc398d470",
    "amount" : "500.00",
    "currencyCode" : "MYR",
    "description" : "ATM CDM RM 500.00"
  },
  "status" : 200,
  "responseTimestamp" : "2022-04-12 01:22:04.861",
  "response" : {
    "responseCode" : "000",
    "responseDescription" : "Complete Response",
    "requestReference" : "2836a09f-763f-4715-91cb-73987707e985",
    "transactionId" : "3490b2a8-7f36-407b-b328-ac1ccd426b8a",
    "accountBalance" : "246660.0",
    "accountCurrency" : "MYR"
  }
}
2022-04-12 01:22:15.917  INFO 20088 --- [nio-8080-exec-2] LoggerServlet                            : 
{
  "clientIp" : "0:0:0:0:0:0:0:1",
  "threadId" : "http-nio-8080-exec-2",
  "method" : "POST",
  "uri" : "/api/v1/transaction/credit",
  "requestTimestamp" : "2022-04-12 01:22:15.896",
  "request" : {
    "accountNo" : "3db65ba7-2c87-4728-a55d-773bc398d470",
    "amount" : "500.00",
    "currencyCode" : "MYR",
    "description" : "ATM CDM RM 500.00"
  },
  "status" : 200,
  "responseTimestamp" : "2022-04-12 01:22:15.917",
  "response" : {
    "responseCode" : "000",
    "responseDescription" : "Complete Response",
    "requestReference" : "f1f0f01a-2b11-47e5-bf4a-22b735bb53fd",
    "transactionId" : "bb74f27a-a782-48e4-b4e4-018f19542703",
    "accountBalance" : "493320.0",
    "accountCurrency" : "MYR"
  }
}
2022-04-12 01:22:37.466  INFO 20088 --- [nio-8080-exec-3] LoggerServlet                            : 
{
  "clientIp" : "0:0:0:0:0:0:0:1",
  "threadId" : "http-nio-8080-exec-3",
  "method" : "POST",
  "uri" : "/api/v1/transaction/credit",
  "requestTimestamp" : "2022-04-12 01:22:37.431",
  "request" : {
    "accountNo" : "3db65ba7-2c87-4728-a55d-773bc398d470",
    "amount" : "500.00",
    "currencyCode" : "MYR",
    "description" : "ATM CDM RM 500.00"
  },
  "status" : 200,
  "responseTimestamp" : "2022-04-12 01:22:37.465",
  "response" : {
    "responseCode" : "000",
    "responseDescription" : "Complete Response",
    "requestReference" : "a33ebc22-4354-4d0d-bd5e-95169a8c09d2",
    "transactionId" : "dfe2a55d-9df8-40c2-95ed-d59c6411d165",
    "accountBalance" : "986640.0",
    "accountCurrency" : "MYR"
  }
}
2022-04-12 01:25:07.179  INFO 4484 --- [nio-8080-exec-1] LoggerServlet                            : 
{
  "clientIp" : "0:0:0:0:0:0:0:1",
  "threadId" : "http-nio-8080-exec-1",
  "method" : "POST",
  "uri" : "/api/v1/transaction/credit",
  "requestTimestamp" : "2022-04-12 01:25:06.967",
  "request" : {
    "accountNo" : "3db65ba7-2c87-4728-a55d-773bc398d470",
    "amount" : "500.00",
    "currencyCode" : "MYR",
    "description" : "ATM CDM RM 500.00"
  },
  "status" : 200,
  "responseTimestamp" : "2022-04-12 01:25:07.171",
  "response" : {
    "responseCode" : "000",
    "responseDescription" : "Complete Response",
    "requestReference" : "2c48eec7-3856-4c26-813e-3df3c2caa7e0",
    "transactionId" : "2142dfc1-7390-4ec7-a260-6baebf6a1ed7",
    "accountBalance" : "987140.0",
    "accountCurrency" : "MYR"
  }
}
2022-04-12 01:25:10.161  INFO 4484 --- [nio-8080-exec-3] LoggerServlet                            : 
{
  "clientIp" : "0:0:0:0:0:0:0:1",
  "threadId" : "http-nio-8080-exec-3",
  "method" : "POST",
  "uri" : "/api/v1/transaction/credit",
  "requestTimestamp" : "2022-04-12 01:25:10.148",
  "request" : {
    "accountNo" : "3db65ba7-2c87-4728-a55d-773bc398d470",
    "amount" : "500.00",
    "currencyCode" : "MYR",
    "description" : "ATM CDM RM 500.00"
  },
  "status" : 200,
  "responseTimestamp" : "2022-04-12 01:25:10.16",
  "response" : {
    "responseCode" : "000",
    "responseDescription" : "Complete Response",
    "requestReference" : "a883e35a-3464-43c5-8c6c-cc3d25cbb771",
    "transactionId" : "2fa9053d-f581-48d1-a9ab-9aae6fb3f52b",
    "accountBalance" : "987640.0",
    "accountCurrency" : "MYR"
  }
}
2022-04-12 01:25:14.056  INFO 4484 --- [nio-8080-exec-4] LoggerServlet                            : 
{
  "clientIp" : "0:0:0:0:0:0:0:1",
  "threadId" : "http-nio-8080-exec-4",
  "method" : "POST",
  "uri" : "/api/v1/transaction/credit",
  "requestTimestamp" : "2022-04-12 01:25:14.024",
  "request" : {
    "accountNo" : "3db65ba7-2c87-4728-a55d-773bc398d470",
    "amount" : "500.00",
    "currencyCode" : "MYR",
    "description" : "ATM CDM RM 500.00"
  },
  "status" : 200,
  "responseTimestamp" : "2022-04-12 01:25:14.055",
  "response" : {
    "responseCode" : "000",
    "responseDescription" : "Complete Response",
    "requestReference" : "5ac064bc-f095-49f9-ae4d-945d60253f75",
    "transactionId" : "fc0ffcd5-ec78-465a-9ca5-288cdde7ed6b",
    "accountBalance" : "988140.0",
    "accountCurrency" : "MYR"
  }
}
2022-04-12 01:25:35.160  INFO 4484 --- [nio-8080-exec-2] LoggerServlet                            : 
{
  "clientIp" : "0:0:0:0:0:0:0:1",
  "threadId" : "http-nio-8080-exec-2",
  "method" : "GET",
  "uri" : "/api/v1/transaction/history/3db65ba7-2c87-4728-a55d-773bc398d470",
  "requestTimestamp" : "2022-04-12 01:25:35.003",
  "request" : null,
  "status" : 200,
  "responseTimestamp" : "2022-04-12 01:25:35.157",
  "response" : {
    "responseCode" : "000",
    "responseDescription" : "Complete Response",
    "requestReference" : "138ea477-1129-4577-b9e1-3791c93b91b0",
    "moreRecord" : false,
    "transactionList" : [ {
      "transactionId" : "2142dfc1-7390-4ec7-a260-6baebf6a1ed7",
      "accountNo" : "3db65ba7-2c87-4728-a55d-773bc398d470",
      "amount" : 500.0,
      "currencyCode" : "MYR",
      "baseAmount" : 500.0,
      "baseCurrency" : "MYR",
      "timestamp" : "2022-04-11T17:25:07.104+00:00",
      "description" : "ATM CDM RM 500.00"
    }, {
      "transactionId" : "2fa9053d-f581-48d1-a9ab-9aae6fb3f52b",
      "accountNo" : "3db65ba7-2c87-4728-a55d-773bc398d470",
      "amount" : 500.0,
      "currencyCode" : "MYR",
      "baseAmount" : 500.0,
      "baseCurrency" : "MYR",
      "timestamp" : "2022-04-11T17:25:10.153+00:00",
      "description" : "ATM CDM RM 500.00"
    }, {
      "transactionId" : "3490b2a8-7f36-407b-b328-ac1ccd426b8a",
      "accountNo" : "3db65ba7-2c87-4728-a55d-773bc398d470",
      "amount" : 500.0,
      "currencyCode" : "MYR",
      "baseAmount" : 123330.0,
      "baseCurrency" : "MYR",
      "timestamp" : "2022-04-11T17:22:04.786+00:00",
      "description" : "ATM CDM RM 500.00"
    }, {
      "transactionId" : "bb74f27a-a782-48e4-b4e4-018f19542703",
      "accountNo" : "3db65ba7-2c87-4728-a55d-773bc398d470",
      "amount" : 500.0,
      "currencyCode" : "MYR",
      "baseAmount" : 246660.0,
      "baseCurrency" : "MYR",
      "timestamp" : "2022-04-11T17:22:15.905+00:00",
      "description" : "ATM CDM RM 500.00"
    }, {
      "transactionId" : "dfe2a55d-9df8-40c2-95ed-d59c6411d165",
      "accountNo" : "3db65ba7-2c87-4728-a55d-773bc398d470",
      "amount" : 500.0,
      "currencyCode" : "MYR",
      "baseAmount" : 493320.0,
      "baseCurrency" : "MYR",
      "timestamp" : "2022-04-11T17:22:37.450+00:00",
      "description" : "ATM CDM RM 500.00"
    }, {
      "transactionId" : "fc0ffcd5-ec78-465a-9ca5-288cdde7ed6b",
      "accountNo" : "3db65ba7-2c87-4728-a55d-773bc398d470",
      "amount" : 500.0,
      "currencyCode" : "MYR",
      "baseAmount" : 500.0,
      "baseCurrency" : "MYR",
      "timestamp" : "2022-04-11T17:25:14.039+00:00",
      "description" : "ATM CDM RM 500.00"
    } ]
  }
}
2022-04-12 01:25:56.276  INFO 4484 --- [nio-8080-exec-5] LoggerServlet                            : 
{
  "clientIp" : "0:0:0:0:0:0:0:1",
  "threadId" : "http-nio-8080-exec-5",
  "method" : "POST",
  "uri" : "/api/v1/transaction/credit",
  "requestTimestamp" : "2022-04-12 01:25:55.476",
  "request" : {
    "accountNo" : "3db65ba7-2c87-4728-a55d-773bc398d470",
    "amount" : "500.00",
    "currencyCode" : "USD",
    "description" : "ATM CDM USD 500.00"
  },
  "status" : 200,
  "responseTimestamp" : "2022-04-12 01:25:56.275",
  "response" : {
    "responseCode" : "000",
    "responseDescription" : "Complete Response",
    "requestReference" : "4cd9841e-6319-4d95-ad43-6a2b7fbb805c",
    "transactionId" : "04755a24-09d3-456a-9576-8a1887a604aa",
    "accountBalance" : "990250.7485",
    "accountCurrency" : "MYR"
  }
}
2022-04-12 01:26:05.947  INFO 4484 --- [nio-8080-exec-6] LoggerServlet                            : 
{
  "clientIp" : "0:0:0:0:0:0:0:1",
  "threadId" : "http-nio-8080-exec-6",
  "method" : "GET",
  "uri" : "/api/v1/transaction/history/3db65ba7-2c87-4728-a55d-773bc398d470",
  "requestTimestamp" : "2022-04-12 01:26:05.936",
  "request" : null,
  "status" : 200,
  "responseTimestamp" : "2022-04-12 01:26:05.946",
  "response" : {
    "responseCode" : "000",
    "responseDescription" : "Complete Response",
    "requestReference" : "ddc4d5af-e111-486a-a96e-67867a270d34",
    "moreRecord" : false,
    "transactionList" : [ {
      "transactionId" : "04755a24-09d3-456a-9576-8a1887a604aa",
      "accountNo" : "3db65ba7-2c87-4728-a55d-773bc398d470",
      "amount" : 500.0,
      "currencyCode" : "USD",
      "baseAmount" : 2110.75,
      "baseCurrency" : "MYR",
      "timestamp" : "2022-04-11T17:25:56.260+00:00",
      "description" : "ATM CDM USD 500.00"
    }, {
      "transactionId" : "2142dfc1-7390-4ec7-a260-6baebf6a1ed7",
      "accountNo" : "3db65ba7-2c87-4728-a55d-773bc398d470",
      "amount" : 500.0,
      "currencyCode" : "MYR",
      "baseAmount" : 500.0,
      "baseCurrency" : "MYR",
      "timestamp" : "2022-04-11T17:25:07.104+00:00",
      "description" : "ATM CDM RM 500.00"
    }, {
      "transactionId" : "2fa9053d-f581-48d1-a9ab-9aae6fb3f52b",
      "accountNo" : "3db65ba7-2c87-4728-a55d-773bc398d470",
      "amount" : 500.0,
      "currencyCode" : "MYR",
      "baseAmount" : 500.0,
      "baseCurrency" : "MYR",
      "timestamp" : "2022-04-11T17:25:10.153+00:00",
      "description" : "ATM CDM RM 500.00"
    }, {
      "transactionId" : "3490b2a8-7f36-407b-b328-ac1ccd426b8a",
      "accountNo" : "3db65ba7-2c87-4728-a55d-773bc398d470",
      "amount" : 500.0,
      "currencyCode" : "MYR",
      "baseAmount" : 123330.0,
      "baseCurrency" : "MYR",
      "timestamp" : "2022-04-11T17:22:04.786+00:00",
      "description" : "ATM CDM RM 500.00"
    }, {
      "transactionId" : "bb74f27a-a782-48e4-b4e4-018f19542703",
      "accountNo" : "3db65ba7-2c87-4728-a55d-773bc398d470",
      "amount" : 500.0,
      "currencyCode" : "MYR",
      "baseAmount" : 246660.0,
      "baseCurrency" : "MYR",
      "timestamp" : "2022-04-11T17:22:15.905+00:00",
      "description" : "ATM CDM RM 500.00"
    }, {
      "transactionId" : "dfe2a55d-9df8-40c2-95ed-d59c6411d165",
      "accountNo" : "3db65ba7-2c87-4728-a55d-773bc398d470",
      "amount" : 500.0,
      "currencyCode" : "MYR",
      "baseAmount" : 493320.0,
      "baseCurrency" : "MYR",
      "timestamp" : "2022-04-11T17:22:37.450+00:00",
      "description" : "ATM CDM RM 500.00"
    }, {
      "transactionId" : "fc0ffcd5-ec78-465a-9ca5-288cdde7ed6b",
      "accountNo" : "3db65ba7-2c87-4728-a55d-773bc398d470",
      "amount" : 500.0,
      "currencyCode" : "MYR",
      "baseAmount" : 500.0,
      "baseCurrency" : "MYR",
      "timestamp" : "2022-04-11T17:25:14.039+00:00",
      "description" : "ATM CDM RM 500.00"
    } ]
  }
}
2022-04-12 01:26:34.868  INFO 4484 --- [nio-8080-exec-8] LoggerServlet                            : 
{
  "clientIp" : "0:0:0:0:0:0:0:1",
  "threadId" : "http-nio-8080-exec-8",
  "method" : "GET",
  "uri" : "/api/v1/transaction/history/3db65ba7-2c87-4728-a55d-773bc398d470",
  "requestTimestamp" : "2022-04-12 01:26:34.849",
  "request" : null,
  "status" : 200,
  "responseTimestamp" : "2022-04-12 01:26:34.867",
  "response" : {
    "responseCode" : "000",
    "responseDescription" : "Complete Response",
    "requestReference" : "0e92b891-1364-4e45-9eb6-2f0b91d2a5b5",
    "moreRecord" : false,
    "transactionList" : [ {
      "transactionId" : "04755a24-09d3-456a-9576-8a1887a604aa",
      "accountNo" : "3db65ba7-2c87-4728-a55d-773bc398d470",
      "amount" : 500.0,
      "currencyCode" : "USD",
      "baseAmount" : 2110.75,
      "baseCurrency" : "MYR",
      "timestamp" : "2022-04-11T17:25:56.260+00:00",
      "description" : "ATM CDM USD 500.00"
    }, {
      "transactionId" : "2142dfc1-7390-4ec7-a260-6baebf6a1ed7",
      "accountNo" : "3db65ba7-2c87-4728-a55d-773bc398d470",
      "amount" : 500.0,
      "currencyCode" : "MYR",
      "baseAmount" : 500.0,
      "baseCurrency" : "MYR",
      "timestamp" : "2022-04-11T17:25:07.104+00:00",
      "description" : "ATM CDM RM 500.00"
    }, {
      "transactionId" : "2fa9053d-f581-48d1-a9ab-9aae6fb3f52b",
      "accountNo" : "3db65ba7-2c87-4728-a55d-773bc398d470",
      "amount" : 500.0,
      "currencyCode" : "MYR",
      "baseAmount" : 500.0,
      "baseCurrency" : "MYR",
      "timestamp" : "2022-04-11T17:25:10.153+00:00",
      "description" : "ATM CDM RM 500.00"
    }, {
      "transactionId" : "3490b2a8-7f36-407b-b328-ac1ccd426b8a",
      "accountNo" : "3db65ba7-2c87-4728-a55d-773bc398d470",
      "amount" : 500.0,
      "currencyCode" : "MYR",
      "baseAmount" : 123330.0,
      "baseCurrency" : "MYR",
      "timestamp" : "2022-04-11T17:22:04.786+00:00",
      "description" : "ATM CDM RM 500.00"
    }, {
      "transactionId" : "bb74f27a-a782-48e4-b4e4-018f19542703",
      "accountNo" : "3db65ba7-2c87-4728-a55d-773bc398d470",
      "amount" : 500.0,
      "currencyCode" : "MYR",
      "baseAmount" : 246660.0,
      "baseCurrency" : "MYR",
      "timestamp" : "2022-04-11T17:22:15.905+00:00",
      "description" : "ATM CDM RM 500.00"
    }, {
      "transactionId" : "dfe2a55d-9df8-40c2-95ed-d59c6411d165",
      "accountNo" : "3db65ba7-2c87-4728-a55d-773bc398d470",
      "amount" : 500.0,
      "currencyCode" : "MYR",
      "baseAmount" : 493320.0,
      "baseCurrency" : "MYR",
      "timestamp" : "2022-04-11T17:22:37.450+00:00",
      "description" : "ATM CDM RM 500.00"
    }, {
      "transactionId" : "fc0ffcd5-ec78-465a-9ca5-288cdde7ed6b",
      "accountNo" : "3db65ba7-2c87-4728-a55d-773bc398d470",
      "amount" : 500.0,
      "currencyCode" : "MYR",
      "baseAmount" : 500.0,
      "baseCurrency" : "MYR",
      "timestamp" : "2022-04-11T17:25:14.039+00:00",
      "description" : "ATM CDM RM 500.00"
    } ]
  }
}
2022-04-12 01:26:40.204  INFO 4484 --- [nio-8080-exec-9] LoggerServlet                            : 
{
  "clientIp" : "0:0:0:0:0:0:0:1",
  "threadId" : "http-nio-8080-exec-9",
  "method" : "POST",
  "uri" : "/api/v1/transaction/credit",
  "requestTimestamp" : "2022-04-12 01:26:40.185",
  "request" : {
    "accountNo" : "3db65ba7-2c87-4728-a55d-773bc398d470",
    "amount" : "500.00",
    "currencyCode" : "USD",
    "description" : "ATM CDM USD 500.00"
  },
  "status" : 200,
  "responseTimestamp" : "2022-04-12 01:26:40.204",
  "response" : {
    "responseCode" : "000",
    "responseDescription" : "Complete Response",
    "requestReference" : "20ec3f8c-c011-426a-bb9d-7bc5466f43a8",
    "transactionId" : "f5c162d6-8b9c-47e6-9755-cb653e1fc948",
    "accountBalance" : "992361.4985",
    "accountCurrency" : "MYR"
  }
}
2022-04-12 01:26:40.712  INFO 4484 --- [io-8080-exec-10] LoggerServlet                            : 
{
  "clientIp" : "0:0:0:0:0:0:0:1",
  "threadId" : "http-nio-8080-exec-10",
  "method" : "POST",
  "uri" : "/api/v1/transaction/credit",
  "requestTimestamp" : "2022-04-12 01:26:40.7",
  "request" : {
    "accountNo" : "3db65ba7-2c87-4728-a55d-773bc398d470",
    "amount" : "500.00",
    "currencyCode" : "USD",
    "description" : "ATM CDM USD 500.00"
  },
  "status" : 200,
  "responseTimestamp" : "2022-04-12 01:26:40.711",
  "response" : {
    "responseCode" : "000",
    "responseDescription" : "Complete Response",
    "requestReference" : "e3480d55-a83f-4dcd-9b69-cf14cf54152b",
    "transactionId" : "cd99b016-32a5-4a6f-a32b-79c95417d30c",
    "accountBalance" : "994472.2485",
    "accountCurrency" : "MYR"
  }
}
2022-04-12 01:26:41.198  INFO 4484 --- [nio-8080-exec-7] LoggerServlet                            : 
{
  "clientIp" : "0:0:0:0:0:0:0:1",
  "threadId" : "http-nio-8080-exec-7",
  "method" : "POST",
  "uri" : "/api/v1/transaction/credit",
  "requestTimestamp" : "2022-04-12 01:26:41.186",
  "request" : {
    "accountNo" : "3db65ba7-2c87-4728-a55d-773bc398d470",
    "amount" : "500.00",
    "currencyCode" : "USD",
    "description" : "ATM CDM USD 500.00"
  },
  "status" : 200,
  "responseTimestamp" : "2022-04-12 01:26:41.198",
  "response" : {
    "responseCode" : "000",
    "responseDescription" : "Complete Response",
    "requestReference" : "f4ed67bf-8c57-4160-b4d3-ea922153ff03",
    "transactionId" : "cfb1d48d-94b9-4755-9cdd-54837ae7c74c",
    "accountBalance" : "996582.9985",
    "accountCurrency" : "MYR"
  }
}
2022-04-12 01:26:41.728  INFO 4484 --- [nio-8080-exec-1] LoggerServlet                            : 
{
  "clientIp" : "0:0:0:0:0:0:0:1",
  "threadId" : "http-nio-8080-exec-1",
  "method" : "POST",
  "uri" : "/api/v1/transaction/credit",
  "requestTimestamp" : "2022-04-12 01:26:41.713",
  "request" : {
    "accountNo" : "3db65ba7-2c87-4728-a55d-773bc398d470",
    "amount" : "500.00",
    "currencyCode" : "USD",
    "description" : "ATM CDM USD 500.00"
  },
  "status" : 200,
  "responseTimestamp" : "2022-04-12 01:26:41.727",
  "response" : {
    "responseCode" : "000",
    "responseDescription" : "Complete Response",
    "requestReference" : "c21c9d1d-e502-4df8-b0c9-2d49e9e17ac0",
    "transactionId" : "3f510cdc-be60-4e15-91d7-c59ab92bb0ff",
    "accountBalance" : "998693.7485",
    "accountCurrency" : "MYR"
  }
}
2022-04-12 01:26:42.207  INFO 4484 --- [nio-8080-exec-3] LoggerServlet                            : 
{
  "clientIp" : "0:0:0:0:0:0:0:1",
  "threadId" : "http-nio-8080-exec-3",
  "method" : "POST",
  "uri" : "/api/v1/transaction/credit",
  "requestTimestamp" : "2022-04-12 01:26:42.195",
  "request" : {
    "accountNo" : "3db65ba7-2c87-4728-a55d-773bc398d470",
    "amount" : "500.00",
    "currencyCode" : "USD",
    "description" : "ATM CDM USD 500.00"
  },
  "status" : 200,
  "responseTimestamp" : "2022-04-12 01:26:42.207",
  "response" : {
    "responseCode" : "000",
    "responseDescription" : "Complete Response",
    "requestReference" : "643a8dec-faab-4b81-a24d-2bd826b0c70e",
    "transactionId" : "f405bcc0-677f-4bda-80fd-ddd822c71bc0",
    "accountBalance" : "1000804.4985",
    "accountCurrency" : "MYR"
  }
}
2022-04-12 01:26:42.755  INFO 4484 --- [nio-8080-exec-4] LoggerServlet                            : 
{
  "clientIp" : "0:0:0:0:0:0:0:1",
  "threadId" : "http-nio-8080-exec-4",
  "method" : "POST",
  "uri" : "/api/v1/transaction/credit",
  "requestTimestamp" : "2022-04-12 01:26:42.724",
  "request" : {
    "accountNo" : "3db65ba7-2c87-4728-a55d-773bc398d470",
    "amount" : "500.00",
    "currencyCode" : "USD",
    "description" : "ATM CDM USD 500.00"
  },
  "status" : 500,
  "responseTimestamp" : "2022-04-12 01:26:42.754",
  "response" : {
    "responseCode" : "500",
    "responseDescription" : "Internal service exception",
    "requestReference" : "60d3253d-d9f9-4d63-a8e6-5cdaaa8f5f4e",
    "transactionId" : null,
    "accountBalance" : null,
    "accountCurrency" : null
  }
}
2022-04-12 01:26:43.231  INFO 4484 --- [nio-8080-exec-2] LoggerServlet                            : 
{
  "clientIp" : "0:0:0:0:0:0:0:1",
  "threadId" : "http-nio-8080-exec-2",
  "method" : "POST",
  "uri" : "/api/v1/transaction/credit",
  "requestTimestamp" : "2022-04-12 01:26:43.217",
  "request" : {
    "accountNo" : "3db65ba7-2c87-4728-a55d-773bc398d470",
    "amount" : "500.00",
    "currencyCode" : "USD",
    "description" : "ATM CDM USD 500.00"
  },
  "status" : 500,
  "responseTimestamp" : "2022-04-12 01:26:43.231",
  "response" : {
    "responseCode" : "500",
    "responseDescription" : "Internal service exception",
    "requestReference" : "c120a607-817b-4000-a232-aaf82aa96081",
    "transactionId" : null,
    "accountBalance" : null,
    "accountCurrency" : null
  }
}
2022-04-12 01:27:52.070  INFO 4484 --- [nio-8080-exec-5] LoggerServlet                            : 
{
  "clientIp" : "0:0:0:0:0:0:0:1",
  "threadId" : "http-nio-8080-exec-5",
  "method" : "GET",
  "uri" : "/api/v1/transaction/history/3db65ba7-2c87-4728-a55d-773bc398d470",
  "requestTimestamp" : "2022-04-12 01:27:52.041",
  "request" : null,
  "status" : 200,
  "responseTimestamp" : "2022-04-12 01:27:52.068",
  "response" : {
    "responseCode" : "000",
    "responseDescription" : "Complete Response",
    "requestReference" : "f5fc5687-cd1e-4087-a681-bec66ffec663",
    "moreRecord" : true,
    "transactionList" : [ {
      "transactionId" : "04755a24-09d3-456a-9576-8a1887a604aa",
      "accountNo" : "3db65ba7-2c87-4728-a55d-773bc398d470",
      "amount" : 500.0,
      "currencyCode" : "USD",
      "baseAmount" : 2110.75,
      "baseCurrency" : "MYR",
      "timestamp" : "2022-04-11T17:25:56.260+00:00",
      "description" : "ATM CDM USD 500.00"
    }, {
      "transactionId" : "2142dfc1-7390-4ec7-a260-6baebf6a1ed7",
      "accountNo" : "3db65ba7-2c87-4728-a55d-773bc398d470",
      "amount" : 500.0,
      "currencyCode" : "MYR",
      "baseAmount" : 500.0,
      "baseCurrency" : "MYR",
      "timestamp" : "2022-04-11T17:25:07.104+00:00",
      "description" : "ATM CDM RM 500.00"
    }, {
      "transactionId" : "2fa9053d-f581-48d1-a9ab-9aae6fb3f52b",
      "accountNo" : "3db65ba7-2c87-4728-a55d-773bc398d470",
      "amount" : 500.0,
      "currencyCode" : "MYR",
      "baseAmount" : 500.0,
      "baseCurrency" : "MYR",
      "timestamp" : "2022-04-11T17:25:10.153+00:00",
      "description" : "ATM CDM RM 500.00"
    }, {
      "transactionId" : "3490b2a8-7f36-407b-b328-ac1ccd426b8a",
      "accountNo" : "3db65ba7-2c87-4728-a55d-773bc398d470",
      "amount" : 500.0,
      "currencyCode" : "MYR",
      "baseAmount" : 123330.0,
      "baseCurrency" : "MYR",
      "timestamp" : "2022-04-11T17:22:04.786+00:00",
      "description" : "ATM CDM RM 500.00"
    }, {
      "transactionId" : "3f510cdc-be60-4e15-91d7-c59ab92bb0ff",
      "accountNo" : "3db65ba7-2c87-4728-a55d-773bc398d470",
      "amount" : 500.0,
      "currencyCode" : "USD",
      "baseAmount" : 2110.75,
      "baseCurrency" : "MYR",
      "timestamp" : "2022-04-11T17:26:41.720+00:00",
      "description" : "ATM CDM USD 500.00"
    }, {
      "transactionId" : "bb74f27a-a782-48e4-b4e4-018f19542703",
      "accountNo" : "3db65ba7-2c87-4728-a55d-773bc398d470",
      "amount" : 500.0,
      "currencyCode" : "MYR",
      "baseAmount" : 246660.0,
      "baseCurrency" : "MYR",
      "timestamp" : "2022-04-11T17:22:15.905+00:00",
      "description" : "ATM CDM RM 500.00"
    }, {
      "transactionId" : "cd99b016-32a5-4a6f-a32b-79c95417d30c",
      "accountNo" : "3db65ba7-2c87-4728-a55d-773bc398d470",
      "amount" : 500.0,
      "currencyCode" : "USD",
      "baseAmount" : 2110.75,
      "baseCurrency" : "MYR",
      "timestamp" : "2022-04-11T17:26:40.705+00:00",
      "description" : "ATM CDM USD 500.00"
    }, {
      "transactionId" : "cfb1d48d-94b9-4755-9cdd-54837ae7c74c",
      "accountNo" : "3db65ba7-2c87-4728-a55d-773bc398d470",
      "amount" : 500.0,
      "currencyCode" : "USD",
      "baseAmount" : 2110.75,
      "baseCurrency" : "MYR",
      "timestamp" : "2022-04-11T17:26:41.190+00:00",
      "description" : "ATM CDM USD 500.00"
    }, {
      "transactionId" : "dfe2a55d-9df8-40c2-95ed-d59c6411d165",
      "accountNo" : "3db65ba7-2c87-4728-a55d-773bc398d470",
      "amount" : 500.0,
      "currencyCode" : "MYR",
      "baseAmount" : 493320.0,
      "baseCurrency" : "MYR",
      "timestamp" : "2022-04-11T17:22:37.450+00:00",
      "description" : "ATM CDM RM 500.00"
    }, {
      "transactionId" : "f405bcc0-677f-4bda-80fd-ddd822c71bc0",
      "accountNo" : "3db65ba7-2c87-4728-a55d-773bc398d470",
      "amount" : 500.0,
      "currencyCode" : "USD",
      "baseAmount" : 2110.75,
      "baseCurrency" : "MYR",
      "timestamp" : "2022-04-11T17:26:42.199+00:00",
      "description" : "ATM CDM USD 500.00"
    }, {
      "transactionId" : "f5c162d6-8b9c-47e6-9755-cb653e1fc948",
      "accountNo" : "3db65ba7-2c87-4728-a55d-773bc398d470",
      "amount" : 500.0,
      "currencyCode" : "USD",
      "baseAmount" : 2110.75,
      "baseCurrency" : "MYR",
      "timestamp" : "2022-04-11T17:26:40.192+00:00",
      "description" : "ATM CDM USD 500.00"
    } ]
  }
}
2022-04-12 01:27:58.733  INFO 4484 --- [nio-8080-exec-6] LoggerServlet                            : 
{
  "clientIp" : "0:0:0:0:0:0:0:1",
  "threadId" : "http-nio-8080-exec-6",
  "method" : "GET",
  "uri" : "/api/v1/transaction/history/3db65ba7-2c87-4728-a55d-773bc398d470",
  "requestTimestamp" : "2022-04-12 01:27:58.691",
  "request" : null,
  "status" : 200,
  "responseTimestamp" : "2022-04-12 01:27:58.733",
  "response" : {
    "responseCode" : "000",
    "responseDescription" : "Complete Response",
    "requestReference" : "b9817518-eb5c-472b-ba0b-326274aa7840",
    "moreRecord" : false,
    "transactionList" : [ {
      "transactionId" : "fc0ffcd5-ec78-465a-9ca5-288cdde7ed6b",
      "accountNo" : "3db65ba7-2c87-4728-a55d-773bc398d470",
      "amount" : 500.0,
      "currencyCode" : "MYR",
      "baseAmount" : 500.0,
      "baseCurrency" : "MYR",
      "timestamp" : "2022-04-11T17:25:14.039+00:00",
      "description" : "ATM CDM RM 500.00"
    } ]
  }
}
2022-04-12 01:28:53.710  INFO 4484 --- [nio-8080-exec-8] LoggerServlet                            : 
{
  "clientIp" : "0:0:0:0:0:0:0:1",
  "threadId" : "http-nio-8080-exec-8",
  "method" : "GET",
  "uri" : "/api/v1/balance/3db65ba7-2c87-4728-a55d-773bc398d470",
  "requestTimestamp" : "2022-04-12 01:28:53.682",
  "request" : null,
  "status" : 200,
  "responseTimestamp" : "2022-04-12 01:28:53.71",
  "response" : {
    "responseCode" : "000",
    "responseDescription" : "Complete Response",
    "requestReference" : "690cdd93-f9fa-441e-9340-e1370465e703",
    "accountCurrency" : "MYR",
    "accountBalance" : "1,000,804.50"
  }
}
2022-04-12 01:29:36.210  INFO 4484 --- [nio-8080-exec-9] LoggerServlet                            : 
{
  "clientIp" : "0:0:0:0:0:0:0:1",
  "threadId" : "http-nio-8080-exec-9",
  "method" : "GET",
  "uri" : "/api/v1/balance/3db65ba7-2c87-4728-a55d-773bc398d470/convert/USD",
  "requestTimestamp" : "2022-04-12 01:29:35.457",
  "request" : null,
  "status" : 200,
  "responseTimestamp" : "2022-04-12 01:29:36.21",
  "response" : {
    "responseCode" : "000",
    "responseDescription" : "Complete Response",
    "requestReference" : "38ed571e-4b4d-4b08-a760-5caf7bc288bc",
    "accountCurrency" : "MYR",
    "accountBalance" : "1,000,804.50",
    "targetCurrency" : "USD",
    "targetBalance" : "237,073.57"
  }
}
2022-04-12 01:30:04.603  INFO 4484 --- [io-8080-exec-10] LoggerServlet                            : 
{
  "clientIp" : "0:0:0:0:0:0:0:1",
  "threadId" : "http-nio-8080-exec-10",
  "method" : "POST",
  "uri" : "/api/v1/transaction/credit",
  "requestTimestamp" : "2022-04-12 01:30:04.58",
  "request" : {
    "accountNo" : "3db65ba7-2c87-4728-a55d-773bc398d470",
    "amount" : "500.00",
    "currencyCode" : "USD",
    "description" : "ATM CDM USD 500.00"
  },
  "status" : 500,
  "responseTimestamp" : "2022-04-12 01:30:04.602",
  "response" : {
    "responseCode" : "500",
    "responseDescription" : "Internal service exception",
    "requestReference" : "ad71d959-d466-45a3-936f-824d153228bb",
    "transactionId" : null,
    "accountBalance" : null,
    "accountCurrency" : null
  }
}
2022-04-12 01:31:09.774  INFO 14916 --- [nio-8080-exec-1] LoggerServlet                            : 
{
  "clientIp" : "0:0:0:0:0:0:0:1",
  "threadId" : "http-nio-8080-exec-1",
  "method" : "POST",
  "uri" : "/api/v1/transaction/credit",
  "requestTimestamp" : "2022-04-12 01:31:09.1",
  "request" : {
    "accountNo" : "3db65ba7-2c87-4728-a55d-773bc398d470",
    "amount" : "500.00",
    "currencyCode" : "USD",
    "description" : "ATM CDM USD 500.00"
  },
  "status" : 406,
  "responseTimestamp" : "2022-04-12 01:31:09.767",
  "response" : {
    "responseCode" : "202",
    "responseDescription" : "Maximum account balance reached",
    "requestReference" : "9a561422-a5d2-44b2-8b3a-35fe985b3f93",
    "transactionId" : null,
    "accountBalance" : null,
    "accountCurrency" : null
  }
}
2022-04-12 01:31:14.385  INFO 14916 --- [nio-8080-exec-2] LoggerServlet                            : 
{
  "clientIp" : "0:0:0:0:0:0:0:1",
  "threadId" : "http-nio-8080-exec-2",
  "method" : "GET",
  "uri" : "/api/v1/transaction/history/3db65ba7-2c87-4728-a55d-773bc398d470",
  "requestTimestamp" : "2022-04-12 01:31:14.243",
  "request" : null,
  "status" : 200,
  "responseTimestamp" : "2022-04-12 01:31:14.383",
  "response" : {
    "responseCode" : "000",
    "responseDescription" : "Complete Response",
    "requestReference" : "7e6d729e-6d8c-46be-aa11-85bcc6d1994e",
    "moreRecord" : false,
    "transactionList" : [ {
      "transactionId" : "fc0ffcd5-ec78-465a-9ca5-288cdde7ed6b",
      "accountNo" : "3db65ba7-2c87-4728-a55d-773bc398d470",
      "amount" : 500.0,
      "currencyCode" : "MYR",
      "baseAmount" : 500.0,
      "baseCurrency" : "MYR",
      "timestamp" : "2022-04-11T17:25:14.039+00:00",
      "description" : "ATM CDM RM 500.00"
    } ]
  }
}
